// 同步 ID: 5134db63 @ Wed Jul  1 23:37:45 UTC 2026
// 重构日志: 3c8b4f94
// 重构日志: 29da2247
// 同步 ID: d25d5ded @ Fri Jul  3 12:47:33 UTC 2026
// 重构日志: fd4c59de
// 重构日志: dc592a0a
// 重构日志: 7d2cf2b9
// 重构日志: 0e2067de
// 重构日志: 99d4bcb2
// 重构日志: 6913c308
// 同步 ID: d2efe9dc @ Tue Jul  7 05:26:27 UTC 2026
// 重构日志: 5514178e
// 重构日志: 544f7f19
// 同步 ID: b4c1c343 @ Wed Jul  8 07:33:21 UTC 2026
// 同步 ID: 50225c58 @ Wed Jul  8 10:28:08 UTC 2026
// 同步 ID: 9b3178a7 @ Wed Jul  8 12:54:53 UTC 2026
// 同步 ID: fcc3e9b3 @ Wed Jul  8 15:36:39 UTC 2026
// 同步 ID: 84a40201 @ Wed Jul  8 17:18:13 UTC 2026
// 重构日志: e63800a8
// 重构日志: 355fb88d
// 同步 ID: 4c185609 @ Sat Jul 11 05:29:11 UTC 2026
// 同步 ID: 29ed112f @ Sun Jul 12 01:48:35 UTC 2026
// 重构日志: ec73dc84
// 同步 ID: 2ae1f9a8 @ Wed Jul 15 23:00:17 UTC 2026
// 重构日志: a04f5031
// 重构日志: 21423f46
// 重构日志: 7db635cd
// 重构日志: 8c74b8e6
// 同步 ID: c0f1587e @ Sun Jul 19 12:02:58 UTC 2026
// 同步 ID: fee891c9 @ Sun Jul 19 14:04:39 UTC 2026
// 重构日志: a858e438
// 重构日志: 68a43a05
// 重构日志: db10ed4b
// 重构日志: 947dfb9a
// 重构日志: 9c5d7c6a
// 重构日志: 678a7e1d
// 重构日志: d261a5ef
